<?xml version="1.0" encoding="UTF-8"?>
<robot generator="Robot 3.2.1 (Python 3.8.4 on win32)" generated="20200717 16:01:03.100" rpa="false">
<suite id="s1" name="Fb" source="C:\PythonScript\TaskOne\test\fb.robot">
<test id="s1-t1" name="User must sign in to check out">
<kw name="Open Browser" library="SeleniumLibrary">
<doc>Opens a new browser instance to the optional ``url``.</doc>
<arguments>
<arg>http://www.amazon.com</arg>
<arg>chrome</arg>
</arguments>
<msg timestamp="20200717 16:01:09.134" level="INFO">Opening browser 'chrome' to base url 'http://www.amazon.com'.</msg>
<kw name="Capture Page Screenshot" library="SeleniumLibrary">
<doc>Takes a screenshot of the current page and embeds it into a log file.</doc>
<msg timestamp="20200717 16:01:17.422" level="INFO">Cannot capture screenshot because no browser is open.</msg>
<status status="PASS" starttime="20200717 16:01:17.422" endtime="20200717 16:01:17.422"></status>
</kw>
<msg timestamp="20200717 16:01:17.490" level="FAIL">SessionNotCreatedException: Message: session not created: This version of ChromeDriver only supports Chrome version 84
</msg>
<status status="FAIL" starttime="20200717 16:01:09.134" endtime="20200717 16:01:17.494"></status>
</kw>
<kw name="Close Browser" library="SeleniumLibrary" type="teardown">
<doc>Closes the current browser.</doc>
<status status="PASS" starttime="20200717 16:01:17.494" endtime="20200717 16:01:17.494"></status>
</kw>
<doc>This is some basic info about the test</doc>
<tags>
<tag>Smoke</tag>
</tags>
<status status="FAIL" starttime="20200717 16:01:09.130" endtime="20200717 16:01:17.494" critical="yes">SessionNotCreatedException: Message: session not created: This version of ChromeDriver only supports Chrome version 84
</status>
</test>
<doc>This is some basic info about the whole suite</doc>
<status status="FAIL" starttime="20200717 16:01:03.124" endtime="20200717 16:01:17.506"></status>
</suite>
<statistics>
<total>
<stat pass="0" fail="1">Critical Tests</stat>
<stat pass="0" fail="1">All Tests</stat>
</total>
<tag>
<stat pass="0" fail="1">Smoke</stat>
</tag>
<suite>
<stat pass="0" fail="1" id="s1" name="Fb">Fb</stat>
</suite>
</statistics>
<errors>
</errors>
</robot>
